<?xml version="1.0" encoding="UTF-8"?>
<testsuite name="com.amazon.ata.unittesting.texttruncator.TextTruncatorTest" tests="1" skipped="0" failures="0" errors="0" timestamp="2021-06-23T17:30:50" hostname="Jamies-MacBook-Pro.local" time="0.023">
  <properties/>
  <testcase name="truncateTo_stringLongerThanNumChars_shortensToFirstNumChars()" classname="com.amazon.ata.unittesting.texttruncator.TextTruncatorTest" time="0.023"/>
  <system-out><![CDATA[]]></system-out>
  <system-err><![CDATA[]]></system-err>
</testsuite>
